0 info it worked if it ends with ok
1 verbose cli [ 'C:\\Omat\\Software\\nodejs5.3.0\\node.exe',
1 verbose cli   'C:\\Omat\\Software\\nodejs5.3.0\\node_modules\\npm\\bin\\npm-cli.js',
1 verbose cli   'run',
1 verbose cli   'build' ]
2 info using npm@3.3.12
3 info using node@v5.3.0
4 verbose run-script [ 'prebuild', 'build', 'postbuild' ]
5 info lifecycle OskariTools@0.0.1~prebuild: OskariTools@0.0.1
6 silly lifecycle OskariTools@0.0.1~prebuild: no script for prebuild, continuing
7 info lifecycle OskariTools@0.0.1~build: OskariTools@0.0.1
8 verbose lifecycle OskariTools@0.0.1~build: unsafe-perm in lifecycle true
9 verbose lifecycle OskariTools@0.0.1~build: PATH: C:\Omat\Software\nodejs5.3.0\node_modules\npm\bin\node-gyp-bin;C:\Omat\alusta\oskari\tools\node_modules\.bin;C:\Omat\Software\cygwin64\usr\local\bin;C:\Omat\Software\cygwin64\bin;C:\Omat\Software\jdk1.7.0_80\bin;C:\ProgramData\Oracle\Java\javapath;C:\Omat\Software\gradle-2.4\bin;C:\Omat\Software\Python2.7.10;C:\Omat\Software\Python2.7.10\Scripts;C:\Omat\Software\jdk1.7.0_80\bin;C:\Omat\Software\apache-maven-3.0.5\bin;C:\omat\software\graphicsmagick-1.3.21-q8;C:\Omat\Software\Git2\bin;C:\Windows\system32;C:\Windows;C:\Windows\System32\Wbem;C:\Windows\System32\WindowsPowerShell\v1.0;C:\Program Files (x86)\GTK2-Runtime\bin;C:\Omat\Software\nodejs5.3.0;C:\Users\SMAKINEN\AppData\Roaming\npm;C:\ProgramData\SMAKINEN\atom\bin
10 verbose lifecycle OskariTools@0.0.1~build: CWD: C:\Omat\alusta\oskari\tools
11 silly lifecycle OskariTools@0.0.1~build: Args: [ '/d /s /c', 'grunt release:servlet' ]
12 silly lifecycle OskariTools@0.0.1~build: Returned: code: 6  signal: null
13 info lifecycle OskariTools@0.0.1~build: Failed to exec build script
14 verbose stack Error: OskariTools@0.0.1 build: `grunt release:servlet`
14 verbose stack Exit status 6
14 verbose stack     at EventEmitter.<anonymous> (C:\Omat\Software\nodejs5.3.0\node_modules\npm\lib\utils\lifecycle.js:232:16)
14 verbose stack     at emitTwo (events.js:87:13)
14 verbose stack     at EventEmitter.emit (events.js:172:7)
14 verbose stack     at ChildProcess.<anonymous> (C:\Omat\Software\nodejs5.3.0\node_modules\npm\lib\utils\spawn.js:24:14)
14 verbose stack     at emitTwo (events.js:87:13)
14 verbose stack     at ChildProcess.emit (events.js:172:7)
14 verbose stack     at maybeClose (internal/child_process.js:818:16)
14 verbose stack     at Process.ChildProcess._handle.onexit (internal/child_process.js:211:5)
15 verbose pkgid OskariTools@0.0.1
16 verbose cwd C:\Omat\alusta\oskari\tools
17 error Windows_NT 6.1.7601
18 error argv "C:\\Omat\\Software\\nodejs5.3.0\\node.exe" "C:\\Omat\\Software\\nodejs5.3.0\\node_modules\\npm\\bin\\npm-cli.js" "run" "build"
19 error node v5.3.0
20 error npm  v3.3.12
21 error code ELIFECYCLE
22 error OskariTools@0.0.1 build: `grunt release:servlet`
22 error Exit status 6
23 error Failed at the OskariTools@0.0.1 build script 'grunt release:servlet'.
23 error Make sure you have the latest version of node.js and npm installed.
23 error If you do, this is most likely a problem with the OskariTools package,
23 error not with npm itself.
23 error Tell the author that this fails on your system:
23 error     grunt release:servlet
23 error You can get their info via:
23 error     npm owner ls OskariTools
23 error There is likely additional logging output above.
24 verbose exit [ 1, true ]
